# JRE version: Java(TM) SE Runtime Environment (19.0.1+10) (build 19.0.1+10-21)
# Java VM: Java HotSpot(TM) 64-Bit Server VM (19.0.1+10-21, mixed mode, sharing, tiered, compressed oops, compressed class ptrs, g1 gc, windows-amd64)
GC Precious Log:
 CardTable entry size: 512
 Card Set container configuration: InlinePtr #cards 5 size 8 Array Of Cards #cards 12 size 40 Howl #buckets 4 coarsen threshold 1843 Howl Bitmap #cards 512 size 80 coarsen threshold 460 Card regions per heap region 1 cards per card region 2048
 CPUs: 4 total, 4 available
 Memory: 4011M
 Large Page Support: Disabled
 NUMA Support: Disabled
 Compressed Oops: Enabled (32-bit)
 Heap Region Size: 1M
 Heap Min Capacity: 8M
 Heap Initial Capacity: 64M
 Heap Max Capacity: 1004M
 Pre-touch: Disabled
 Parallel Workers: 4
 Concurrent Workers: 1
 Concurrent Refinement Workers: 4
 Periodic GC: Disabled
Heap:
 garbage-first heap   total 78848K, used 26792K [0x00000000c1400000, 0x0000000100000000)
  region size 1024K, 5 young (5120K), 1 survivors (1024K)
 Metaspace       used 47360K, committed 47744K, reserved 1114112K
  class space    used 6127K, committed 6336K, reserved 1048576K
GC Heap History (20 events):
Event: 2.828 GC heap before
{Heap before GC invocations=2 (full 0):
 garbage-first heap   total 65536K, used 27858K [0x00000000c1400000, 0x0000000100000000)
  region size 1024K, 21 young (21504K), 1 survivors (1024K)
 Metaspace       used 11419K, committed 11648K, reserved 1114112K
  class space    used 1365K, committed 1472K, reserved 1048576K
}
Event: 2.833 GC heap after
{Heap after GC invocations=3 (full 0):
 garbage-first heap   total 65536K, used 9895K [0x00000000c1400000, 0x0000000100000000)
  region size 1024K, 3 young (3072K), 3 survivors (3072K)
 Metaspace       used 11419K, committed 11648K, reserved 1114112K
  class space    used 1365K, committed 1472K, reserved 1048576K
}
Event: 3.950 GC heap before
{Heap before GC invocations=3 (full 0):
 garbage-first heap   total 65536K, used 39591K [0x00000000c1400000, 0x0000000100000000)
  region size 1024K, 33 young (33792K), 3 survivors (3072K)
 Metaspace       used 17583K, committed 17920K, reserved 1114112K
  class space    used 2132K, committed 2304K, reserved 1048576K
}
Event: 3.958 GC heap after
{Heap after GC invocations=4 (full 0):
 garbage-first heap   total 65536K, used 11278K [0x00000000c1400000, 0x0000000100000000)
  region size 1024K, 4 young (4096K), 4 survivors (4096K)
 Metaspace       used 17583K, committed 17920K, reserved 1114112K
  class space    used 2132K, committed 2304K, reserved 1048576K
}
Event: 5.032 GC heap before
{Heap before GC invocations=4 (full 0):
 garbage-first heap   total 65536K, used 43022K [0x00000000c1400000, 0x0000000100000000)
  region size 1024K, 36 young (36864K), 4 survivors (4096K)
 Metaspace       used 19744K, committed 20032K, reserved 1114112K
  class space    used 2371K, committed 2560K, reserved 1048576K
}
Event: 5.052 GC heap after
{Heap after GC invocations=5 (full 0):
 garbage-first heap   total 65536K, used 13242K [0x00000000c1400000, 0x0000000100000000)
  region size 1024K, 4 young (4096K), 4 survivors (4096K)
 Metaspace       used 19744K, committed 20032K, reserved 1114112K
  class space    used 2371K, committed 2560K, reserved 1048576K
}
Event: 5.511 GC heap before
{Heap before GC invocations=5 (full 0):
 garbage-first heap   total 65536K, used 22458K [0x00000000c1400000, 0x0000000100000000)
  region size 1024K, 14 young (14336K), 4 survivors (4096K)
 Metaspace       used 21265K, committed 21504K, reserved 1114112K
  class space    used 2567K, committed 2688K, reserved 1048576K
}
Event: 5.525 GC heap after
{Heap after GC invocations=6 (full 0):
 garbage-first heap   total 65536K, used 13630K [0x00000000c1400000, 0x0000000100000000)
  region size 1024K, 3 young (3072K), 3 survivors (3072K)
 Metaspace       used 21265K, committed 21504K, reserved 1114112K
  class space    used 2567K, committed 2688K, reserved 1048576K
}
Event: 7.630 GC heap before
{Heap before GC invocations=7 (full 0):
 garbage-first heap   total 51200K, used 41278K [0x00000000c1400000, 0x0000000100000000)
  region size 1024K, 30 young (30720K), 3 survivors (3072K)
 Metaspace       used 26082K, committed 26368K, reserved 1114112K
  class space    used 3164K, committed 3328K, reserved 1048576K
}
Event: 7.644 GC heap after
{Heap after GC invocations=8 (full 0):
 garbage-first heap   total 51200K, used 16489K [0x00000000c1400000, 0x0000000100000000)
  region size 1024K, 4 young (4096K), 4 survivors (4096K)
 Metaspace       used 26082K, committed 26368K, reserved 1114112K
  class space    used 3164K, committed 3328K, reserved 1048576K
}
Event: 7.682 GC heap before
{Heap before GC invocations=8 (full 0):
 garbage-first heap   total 51200K, used 17513K [0x00000000c1400000, 0x0000000100000000)
  region size 1024K, 5 young (5120K), 4 survivors (4096K)
 Metaspace       used 26265K, committed 26560K, reserved 1114112K
  class space    used 3204K, committed 3328K, reserved 1048576K
}
Event: 7.693 GC heap after
{Heap after GC invocations=9 (full 0):
 garbage-first heap   total 51200K, used 16916K [0x00000000c1400000, 0x0000000100000000)
  region size 1024K, 1 young (1024K), 1 survivors (1024K)
 Metaspace       used 26265K, committed 26560K, reserved 1114112K
  class space    used 3204K, committed 3328K, reserved 1048576K
}
Event: 8.567 GC heap before
{Heap before GC invocations=9 (full 0):
 garbage-first heap   total 51200K, used 36372K [0x00000000c1400000, 0x0000000100000000)
  region size 1024K, 21 young (21504K), 1 survivors (1024K)
 Metaspace       used 32205K, committed 32512K, reserved 1114112K
  class space    used 3826K, committed 3968K, reserved 1048576K
}
Event: 8.573 GC heap after
{Heap after GC invocations=10 (full 0):
 garbage-first heap   total 87040K, used 18509K [0x00000000c1400000, 0x0000000100000000)
  region size 1024K, 3 young (3072K), 3 survivors (3072K)
 Metaspace       used 32205K, committed 32512K, reserved 1114112K
  class space    used 3826K, committed 3968K, reserved 1048576K
}
Event: 9.615 GC heap before
{Heap before GC invocations=10 (full 0):
 garbage-first heap   total 87040K, used 41037K [0x00000000c1400000, 0x0000000100000000)
  region size 1024K, 27 young (27648K), 3 survivors (3072K)
 Metaspace       used 35773K, committed 36096K, reserved 1114112K
  class space    used 4415K, committed 4608K, reserved 1048576K
}
Event: 9.625 GC heap after
{Heap after GC invocations=11 (full 0):
 garbage-first heap   total 87040K, used 20637K [0x00000000c1400000, 0x0000000100000000)
  region size 1024K, 5 young (5120K), 5 survivors (5120K)
 Metaspace       used 35773K, committed 36096K, reserved 1114112K
  class space    used 4415K, committed 4608K, reserved 1048576K
}
Event: 11.406 GC heap before
{Heap before GC invocations=12 (full 0):
 garbage-first heap   total 78848K, used 61597K [0x00000000c1400000, 0x0000000100000000)
  region size 1024K, 46 young (47104K), 5 survivors (5120K)
 Metaspace       used 46544K, committed 46976K, reserved 1114112K
  class space    used 6009K, committed 6208K, reserved 1048576K
}
Event: 11.419 GC heap after
{Heap after GC invocations=13 (full 0):
 garbage-first heap   total 78848K, used 23224K [0x00000000c1400000, 0x0000000100000000)
  region size 1024K, 5 young (5120K), 5 survivors (5120K)
 Metaspace       used 46544K, committed 46976K, reserved 1114112K
  class space    used 6009K, committed 6208K, reserved 1048576K
}
Event: 11.459 GC heap before
{Heap before GC invocations=13 (full 0):
 garbage-first heap   total 78848K, used 24248K [0x00000000c1400000, 0x0000000100000000)
  region size 1024K, 6 young (6144K), 5 survivors (5120K)
 Metaspace       used 46839K, committed 47232K, reserved 1114112K
  class space    used 6038K, committed 6208K, reserved 1048576K
}
Event: 11.469 GC heap after
{Heap after GC invocations=14 (full 0):
 garbage-first heap   total 78848K, used 23720K [0x00000000c1400000, 0x0000000100000000)
  region size 1024K, 1 young (1024K), 1 survivors (1024K)
 Metaspace       used 46839K, committed 47232K, reserved 1114112K
  class space    used 6038K, committed 6208K, reserved 1048576K
}

